2023-03-25 00:09:33.148 [INFO] {202abcdcc2664f174cf74f4e2608335c} [GToken][params:{"AuthExcludePaths":"[\"/register\"]","AuthFailMsg":"登录超时，请重新登录","AuthPaths":"","CacheKey":"gfToken:","CacheMode":2,"EncryptKey":"12345678912345678912345678912345","LoginPath":"/login","LogoutPath":"/logout","MiddlewareType":1,"MultiLogin":true,"Timeout":864000000,"TokenDelimiter":"_"}]start... 
2023-03-25 00:09:36.911 [INFO] {c8c325bdc3664f174df74f4e5d5ce70b} Register接收到的参数是： {"userName":"51480330","password":"2274367763489364","Password2":"2274367763489364"}
2023-03-25 00:09:42.607 [INFO] {587ab210c5664f174ef74f4e8157fdd5} Register接收到的参数是： {"userName":"51480330","password":"2274367763489364","Password2":"2274367763489364"}
2023-03-25 00:11:11.316 [INFO] {c88124b8d9664f1789e4ec73191a1361} [GToken][params:{"AuthExcludePaths":"[\"/register\"]","AuthFailMsg":"登录超时，请重新登录","AuthPaths":"","CacheKey":"gfToken:","CacheMode":2,"EncryptKey":"12345678912345678912345678912345","LoginPath":"/login","LogoutPath":"/logout","MiddlewareType":1,"MultiLogin":true,"Timeout":864000000,"TokenDelimiter":"_"}]start... 
2023-03-25 00:11:15.629 [INFO] {a0af2bb9da664f178ae4ec7379ef0e04} Register接收到的参数是： {"userName":"51480330","password":"2274367763489364","Password2":"2274367763489364"}
2023-03-25 00:12:15.585 [INFO] {4060e1aee8664f17f5713a533c1a6c4e} [GToken][params:{"AuthExcludePaths":"[\"/register\"]","AuthFailMsg":"登录超时，请重新登录","AuthPaths":"","CacheKey":"gfToken:","CacheMode":2,"EncryptKey":"12345678912345678912345678912345","LoginPath":"/login","LogoutPath":"/logout","MiddlewareType":1,"MultiLogin":true,"Timeout":864000000,"TokenDelimiter":"_"}]start... 
2023-03-25 00:12:21.263 [INFO] {b0b93701ea664f17f6713a5322ef6292} Register接收到的参数是： {"userName":"51480330","password":"2274367763489364","Password2":"2274367763489364"}
2023-03-25 00:14:54.136 [INFO] {00111b990d674f174ada5f3d2db7d1f6} [GToken][params:{"AuthExcludePaths":"[\"/register\"]","AuthFailMsg":"登录超时，请重新登录","AuthPaths":"","CacheKey":"gfToken:","CacheMode":2,"EncryptKey":"12345678912345678912345678912345","LoginPath":"/login","LogoutPath":"/logout","MiddlewareType":1,"MultiLogin":true,"Timeout":864000000,"TokenDelimiter":"_"}]start... 
2023-03-25 00:14:57.925 [INFO] {e8b0147b0e674f174bda5f3d87dcdc9b} Register接收到的参数是： {"userName":"51480330","password":"2274367763489364","Password2":"2274367763489364"}
2023-03-25 00:15:39.814 [INFO] {30aee63b18674f174cda5f3d4249cb8d} Register接收到的参数是： {"userName":"51480330","password":"2274367763489364","Password2":"2274367763489364"}
2023-03-25 00:19:42.475 [INFO] {18cd81bb50674f177ace841a392cab15} [GToken][params:{"AuthExcludePaths":"[\"/register\"]","AuthFailMsg":"登录超时，请重新登录","AuthPaths":"","CacheKey":"gfToken:","CacheMode":2,"EncryptKey":"12345678912345678912345678912345","LoginPath":"/login","LogoutPath":"/logout","MiddlewareType":1,"MultiLogin":true,"Timeout":864000000,"TokenDelimiter":"_"}]start... 
2023-03-25 00:19:45.927 [INFO] {78d9378951674f177bce841ad480d7a6} Register接收到的参数是： {"userName":"51480330","password":"2274367763489364","Password2":"2274367763489364"}
2023-03-25 00:21:09.631 [INFO] {7820830665674f177cce841ac9172f05} Register接收到的参数是： {"userName":"51480330","password":"2274367763489364","Password2":"2274367763489364"}
2023-03-25 00:22:26.152 [INFO] {80bc56d776674f1702000d20178de583} [GToken][params:{"AuthExcludePaths":"[\"/register\"]","AuthFailMsg":"登录超时，请重新登录","AuthPaths":"","CacheKey":"gfToken:","CacheMode":2,"EncryptKey":"12345678912345678912345678912345","LoginPath":"/login","LogoutPath":"/logout","MiddlewareType":1,"MultiLogin":true,"Timeout":864000000,"TokenDelimiter":"_"}]start... 
2023-03-25 00:22:29.250 [INFO] {c079229077674f1703000d20eae9c470} Register接收到的参数是： {"userName":"51480330","password":"2274367763489364","Password2":"2274367763489364"}
2023-03-25 00:22:29.365 [WARN] {c079229077674f1703000d20eae9c470} 账号51480330已存在
2023-03-25 00:25:46.489 [INFO] {78138e7ca5674f1704000d20e4818cf5} Register接收到的参数是： {"userName":"548683","password":"6310688393119842","Password2":"6310688393119842"}
2023-03-25 00:26:05.812 [INFO] {d0e84afca9674f1706000d2012fd76f4} Register接收到的参数是： {"userName":"74501837860","password":"8309233319307028","Password2":"8309233319307028"}
2023-03-25 00:26:17.309 [INFO] {e8a08ea9ac674f1707000d20d22bd94d} Register接收到的参数是： {"userName":"411117","password":"4362971834929112","Password2":"4362971834929112"}
2023-03-25 00:34:22.187 [INFO] {6064618e1d684f170fb5df36af1135ce} [GToken][params:{"AuthExcludePaths":"[\"/register\"]","AuthFailMsg":"登录超时，请重新登录","AuthPaths":"","CacheKey":"gfToken:","CacheMode":2,"EncryptKey":"12345678912345678912345678912345","LoginPath":"/login","LogoutPath":"/logout","MiddlewareType":1,"MultiLogin":true,"Timeout":864000000,"TokenDelimiter":"_"}]start... 
2023-03-25 00:34:34.414 [INFO] {c8244e6720684f1710b5df36560a5102} Register接收到的参数是： {"userName":"7404428046","nickName":"","password":"3913286846663680","Password2":"3913286846663680"}
2023-03-25 00:35:03.039 [INFO] {6858561127684f17cb793203e5a00172} [GToken][params:{"AuthExcludePaths":"[\"/register\"]","AuthFailMsg":"登录超时，请重新登录","AuthPaths":"","CacheKey":"gfToken:","CacheMode":2,"EncryptKey":"12345678912345678912345678912345","LoginPath":"/login","LogoutPath":"/logout","MiddlewareType":1,"MultiLogin":true,"Timeout":864000000,"TokenDelimiter":"_"}]start... 
2023-03-25 00:35:12.722 [INFO] {58488d5229684f17cc79320376604f20} Register接收到的参数是： {"userName":"352743971aa1","nickName":"","password":"2247069781966656","Password2":"2247069781966656"}
2023-03-25 00:35:12.723 [INFO] {58488d5229684f17cc79320376604f20} 由于昵称为空，将账户赋值给昵称
2023-03-25 00:36:16.964 [INFO] {c88dc94738684f17cf7932032b2e8bc6} Register接收到的参数是： {"userName":"352743971aa1","nickName":"woshi","password":"2247069781966656","Password2":"2247069781966656"}
2023-03-25 00:36:17.059 [WARN] {c88dc94738684f17cf7932032b2e8bc6} 账号352743971aa1已存在
2023-03-25 00:36:41.985 [INFO] {18ea251b3e684f17d079320361bc413e} Register接收到的参数是： {"userName":"135658","nickName":"丁明","password":"5187429592907388","Password2":"5187429592907388"}
2023-03-25 00:37:35.891 [INFO] {c84e2ca84a684f17d1793203d73ff709} Register接收到的参数是： {"userName":"528953","nickName":"魏刚","password":"3677543105827446","Password2":"3677543105827446"}
2023-03-25 00:40:26.490 [INFO] {e0ce8b6072684f17d971a844c1472328} [GToken][params:{"AuthExcludePaths":"[\"/register\"]","AuthFailMsg":"登录超时，请重新登录","AuthPaths":"","CacheKey":"gfToken:","CacheMode":2,"EncryptKey":"12345678912345678912345678912345","LoginPath":"/login","LogoutPath":"/logout","MiddlewareType":1,"MultiLogin":true,"Timeout":864000000,"TokenDelimiter":"_"}]start... 
2023-03-25 00:40:48.427 [INFO] {d812357677684f17da71a844089b4828} 528953登录成功
2023-03-25 00:42:10.207 [INFO] {d8659b868a684f1717129c31a5c11c04} [GToken][params:{"AuthExcludePaths":"[\"/register\"]","AuthFailMsg":"登录超时，请重新登录","AuthPaths":"","CacheKey":"gfToken:","CacheMode":2,"EncryptKey":"12345678912345678912345678912345","LoginPath":"/login","LogoutPath":"/logout","MiddlewareType":1,"MultiLogin":true,"Timeout":864000000,"TokenDelimiter":"_"}]start... 
2023-03-25 00:47:58.496 [INFO] {48553c9edb684f170d71f849e776f70a} [GToken][params:{"AuthExcludePaths":"[\"/register\"]","AuthFailMsg":"登录超时，请重新登录","AuthPaths":"","CacheKey":"gfToken:","CacheMode":2,"EncryptKey":"12345678912345678912345678912345","LoginPath":"/login","LogoutPath":"/logout","MiddlewareType":1,"MultiLogin":true,"Timeout":864000000,"TokenDelimiter":"_"}]start... 
2023-03-25 00:48:08.721 [INFO] {d88d89f9dd684f170e71f849c4a13727} 528953登录成功
2023-03-25 00:49:01.409 [INFO] {b0b62244ea684f178aea904f8c91edda} [GToken][params:{"AuthExcludePaths":"[\"/register\"]","AuthFailMsg":"登录超时，请重新登录","AuthPaths":"","CacheKey":"gfToken:","CacheMode":2,"EncryptKey":"12345678912345678912345678912345","LoginPath":"/login","LogoutPath":"/logout","MiddlewareType":1,"MultiLogin":true,"Timeout":864000000,"TokenDelimiter":"_"}]start... 
2023-03-25 00:52:36.668 [INFO] {702d3d541a694f178cea904f0a7cf0f9} 528953登录成功
2023-03-25 00:52:36.724 [INFO] {88a79cb4eb684f178bea904fa2e2cc4e} 528953登录成功
2023-03-25 00:52:44.274 [INFO] {405cf3271e694f179fff46089cda3ff2} [GToken][params:{"AuthExcludePaths":"[\"/register\"]","AuthFailMsg":"登录超时，请重新登录","AuthPaths":"","CacheKey":"gfToken:","CacheMode":2,"EncryptKey":"12345678912345678912345678912345","LoginPath":"/login","LogoutPath":"/logout","MiddlewareType":1,"MultiLogin":true,"Timeout":864000000,"TokenDelimiter":"_"}]start... 
2023-03-25 00:52:47.143 [INFO] {10b61fcc1e694f17a0ff460807105439} 528953登录成功
2023-03-25 00:53:49.770 [INFO] {f843c8672d694f177c34814fe7223bd7} [GToken][params:{"AuthExcludePaths":"[\"/register\"]","AuthFailMsg":"登录超时，请重新登录","AuthPaths":"","CacheKey":"gfToken:","CacheMode":2,"EncryptKey":"12345678912345678912345678912345","LoginPath":"/login","LogoutPath":"/logout","MiddlewareType":1,"MultiLogin":true,"Timeout":864000000,"TokenDelimiter":"_"}]start... 
2023-03-25 00:54:10.186 [INFO] {980ab87e2e694f177d34814f70e5749d} 528953登录成功
2023-03-25 00:55:02.139 [INFO] {e83353413e694f173a9454735e085e0f} [GToken][params:{"AuthExcludePaths":"[\"/register\"]","AuthFailMsg":"登录超时，请重新登录","AuthPaths":"","CacheKey":"gfToken:","CacheMode":2,"EncryptKey":"12345678912345678912345678912345","LoginPath":"/login","LogoutPath":"/logout","MiddlewareType":1,"MultiLogin":true,"Timeout":864000000,"TokenDelimiter":"_"}]start... 
2023-03-25 00:55:07.071 [INFO] {d0025d613f694f173b9454739c98d6b4} 528953登录成功
2023-03-25 00:57:09.752 [INFO] {8092bff75b694f170f7834427c82dc32} [GToken][params:{"AuthExcludePaths":"[\"/register\"]","AuthFailMsg":"登录超时，请重新登录","AuthPaths":"","CacheKey":"gfToken:","CacheMode":2,"EncryptKey":"12345678912345678912345678912345","LoginPath":"/login","LogoutPath":"/logout","MiddlewareType":1,"MultiLogin":true,"Timeout":864000000,"TokenDelimiter":"_"}]start... 
2023-03-25 00:57:31.088 [INFO] {802477ef60694f1791340b4505fab746} [GToken][params:{"AuthExcludePaths":"[\"/register\"]","AuthFailMsg":"登录超时，请重新登录","AuthPaths":"","CacheKey":"gfToken:","CacheMode":2,"EncryptKey":"12345678912345678912345678912345","LoginPath":"/login","LogoutPath":"/logout","MiddlewareType":1,"MultiLogin":true,"Timeout":864000000,"TokenDelimiter":"_"}]start... 
2023-03-25 00:57:38.037 [INFO] {b81c188662694f1792340b45b9f7155a} 528953登录成功
2023-03-25 01:01:00.354 [INFO] {e037aba891694f176f74db4fdfe0b2e1} [GToken][params:{"AuthExcludePaths":"[\"/register\"]","AuthFailMsg":"登录超时，请重新登录","AuthPaths":"","CacheKey":"gfToken:","CacheMode":2,"EncryptKey":"12345678912345678912345678912345","LoginPath":"/login","LogoutPath":"/logout","MiddlewareType":1,"MultiLogin":true,"Timeout":864000000,"TokenDelimiter":"_"}]start... 
2023-03-25 01:01:10.636 [INFO] {98380a0794694f177074db4fe2b84e76} 528953登录成功
2023-03-25 01:02:24.343 [INFO] {a8aecf36a5694f17bc42cf67470a1a63} [GToken][params:{"AuthExcludePaths":"[\"/register\"]","AuthFailMsg":"登录超时，请重新登录","AuthPaths":"","CacheKey":"gfToken:","CacheMode":2,"EncryptKey":"12345678912345678912345678912345","LoginPath":"/login","LogoutPath":"/logout","MiddlewareType":1,"MultiLogin":true,"Timeout":864000000,"TokenDelimiter":"_"}]start... 
2023-03-25 01:02:31.563 [INFO] {107aa2dea6694f17bd42cf67e8167011} 528953登录成功
2023-03-25 01:02:43.327 [INFO] {80b85fa2a9694f17e85e5d55256ddf2c} [GToken][params:{"AuthExcludePaths":"[\"/register\"]","AuthFailMsg":"登录超时，请重新登录","AuthPaths":"","CacheKey":"gfToken:","CacheMode":2,"EncryptKey":"12345678912345678912345678912345","LoginPath":"/login","LogoutPath":"/logout","MiddlewareType":1,"MultiLogin":true,"Timeout":864000000,"TokenDelimiter":"_"}]start... 
2023-03-25 01:02:46.638 [INFO] {6081de60aa694f17e95e5d552be7d972} 528953登录成功
2023-03-25 01:05:07.915 [INFO] {48166e4ccb694f175b00167f6ffc6c95} [GToken][params:{"AuthExcludePaths":"[\"/register\"]","AuthFailMsg":"登录超时，请重新登录","AuthPaths":"","CacheKey":"gfToken:","CacheMode":2,"EncryptKey":"12345678912345678912345678912345","LoginPath":"/login","LogoutPath":"/logout","MiddlewareType":1,"MultiLogin":true,"Timeout":864000000,"TokenDelimiter":"_"}]start... 
2023-03-25 01:05:12.719 [INFO] {5002d162cc694f175c00167f65b78a88} 528953登录成功
2023-03-25 01:06:03.965 [INFO] {78f64359d8694f17e933be524e7611fe} [GToken][params:{"AuthExcludePaths":"[\"/register\"]","AuthFailMsg":"登录超时，请重新登录","AuthPaths":"","CacheKey":"gfToken:","CacheMode":2,"EncryptKey":"12345678912345678912345678912345","LoginPath":"/login","LogoutPath":"/logout","MiddlewareType":1,"MultiLogin":true,"Timeout":864000000,"TokenDelimiter":"_"}]start... 
2023-03-25 01:06:07.395 [INFO] {70b1ed1ed9694f17ea33be521ffedecc} 528953登录成功
2023-03-25 01:06:22.191 [INFO] {b88c4195dc694f17eb33be5269463618} 528953登录成功
2023-03-25 01:08:26.728 [INFO] {20745191f9694f17ec33be5213abdea5} 528953登录成功
2023-03-25 01:32:58.566 [INFO] {90acf046506b4f176dabb5755f365dda} [GToken][params:{"AuthExcludePaths":"[\"/register\"]","AuthFailMsg":"登录超时，请重新登录","AuthPaths":"","CacheKey":"gfToken:","CacheMode":2,"EncryptKey":"12345678912345678912345678912345","LoginPath":"/login","LogoutPath":"/logout","MiddlewareType":1,"MultiLogin":true,"Timeout":864000000,"TokenDelimiter":"_"}]start... 
2023-03-25 01:33:03.566 [INFO] {a840ac6a516b4f176eabb575bb8a2672} 528953登录成功
2023-03-25 10:34:13.186 [INFO] {b87c185dd9884f17bdec2d2eeafbfff6} [GToken][params:{"AuthExcludePaths":"[\"/register\"]","AuthFailMsg":"登录超时，请重新登录","AuthPaths":"","CacheKey":"gfToken:","CacheMode":2,"EncryptKey":"12345678912345678912345678912345","LoginPath":"/login","LogoutPath":"/logout","MiddlewareType":1,"MultiLogin":true,"Timeout":864000000,"TokenDelimiter":"_"}]start... 
2023-03-25 10:34:17.628 [INFO] {c0ea905eda884f17beec2d2eef5fea64} 528953登录成功
2023-03-25 10:34:31.778 [INFO] {409768b1dd884f17bfec2d2e4e3825f9} Register接收到的参数是： {"userName":"528953","nickName":"魏刚","password":"3677543105827446","Password2":"3677543105827446"}
2023-03-25 10:34:31.811 [WARN] {409768b1dd884f17bfec2d2e4e3825f9} 账号528953已存在
2023-03-25 11:33:17.548 [INFO] {18ed9799128c4f1742202817100b3ed0} [GToken][params:{"AuthExcludePaths":"[\"/register\"]","AuthFailMsg":"登录超时，请重新登录","AuthPaths":"","CacheKey":"gfToken:","CacheMode":1,"EncryptKey":"12345678912345678912345678912345","LoginPath":"/login","LogoutPath":"/logout","MiddlewareType":1,"MultiLogin":true,"Timeout":864000000,"TokenDelimiter":"_"}]start... 
2023-03-25 11:33:25.172 [INFO] {305da557148c4f17432028171398f082} 528953登录成功
2023-03-25 11:34:36.469 [INFO] {40e7a3f9248c4f171771427593c8b9bf} [GToken][params:{"AuthExcludePaths":"[\"/register\"]","AuthFailMsg":"登录超时，请重新登录","AuthPaths":"","CacheKey":"gfToken:","CacheMode":1,"EncryptKey":"12345678912345678912345678912345","LoginPath":"/login","LogoutPath":"/logout","MiddlewareType":1,"MultiLogin":true,"Timeout":864000000,"TokenDelimiter":"_"}]start... 
2023-03-25 11:34:40.572 [INFO] {40877ee7258c4f17187142755f7a5029} 528953登录成功
2023-03-25 11:36:27.260 [INFO] {302441c53e8c4f1758fc025ae0dd1c3f} [GToken][params:{"AuthExcludePaths":"[\"/register\"]","AuthFailMsg":"登录超时，请重新登录","AuthPaths":"","CacheKey":"gfToken:","CacheMode":1,"EncryptKey":"12345678912345678912345678912345","LoginPath":"/login","LogoutPath":"/logout","MiddlewareType":1,"MultiLogin":true,"Timeout":864000000,"TokenDelimiter":"_"}]start... 
2023-03-25 11:36:30.786 [INFO] {18542a913f8c4f1759fc025a3733723e} 528953登录成功
2023-03-25 12:01:11.785 [INFO] {70f3d769988d4f17415e5d694672cc22} [GToken][params:{"AuthExcludePaths":"","AuthFailMsg":"登录超时，请重新登录","AuthPaths":"","CacheKey":"gfToken:","CacheMode":1,"EncryptKey":"12345678912345678912345678912345","LoginPath":"/login","LogoutPath":"/logout","MiddlewareType":1,"MultiLogin":true,"Timeout":864000000,"TokenDelimiter":"_"}]start... 
2023-03-25 12:07:17.353 [INFO] {90f45c87ed8d4f179008ea01dc208928} [GToken][params:{"AuthExcludePaths":"[\"/register\"]","AuthFailMsg":"登录超时，请重新登录","AuthPaths":"","CacheKey":"gfToken:","CacheMode":1,"EncryptKey":"12345678912345678912345678912345","LoginPath":"/login","LogoutPath":"/logout","MiddlewareType":1,"MultiLogin":true,"Timeout":864000000,"TokenDelimiter":"_"}]start... 
2023-03-25 12:07:37.014 [INFO] {102d3e1bf28d4f1770efe91f8d2deae7} [GToken][params:{"AuthExcludePaths":"","AuthFailMsg":"登录超时，请重新登录","AuthPaths":"","CacheKey":"gfToken:","CacheMode":1,"EncryptKey":"12345678912345678912345678912345","LoginPath":"/login","LogoutPath":"/logout","MiddlewareType":1,"MultiLogin":true,"Timeout":864000000,"TokenDelimiter":"_"}]start... 
2023-03-25 12:07:53.030 [INFO] {50f7f7d5f58d4f1708d33e2cc3aa974c} [GToken][params:{"AuthExcludePaths":"[\"/register\"]","AuthFailMsg":"登录超时，请重新登录","AuthPaths":"","CacheKey":"gfToken:","CacheMode":1,"EncryptKey":"12345678912345678912345678912345","LoginPath":"/login","LogoutPath":"/logout","MiddlewareType":1,"MultiLogin":true,"Timeout":864000000,"TokenDelimiter":"_"}]start... 
2023-03-25 12:09:37.745 [INFO] {286c68370e8e4f1767c5ff218c988161} [GToken][params:{"AuthExcludePaths":"[\"/register\"]","AuthFailMsg":"登录超时，请重新登录","AuthPaths":"","CacheKey":"gfToken:","CacheMode":1,"EncryptKey":"12345678912345678912345678912345","LoginPath":"/login","LogoutPath":"/logout","MiddlewareType":1,"MultiLogin":true,"Timeout":864000000,"TokenDelimiter":"_"}]start... 
2023-03-25 12:10:04.701 [INFO] {90009e77148e4f1770c5ff21c60db363} 528953 登录成功
2023-03-25 12:10:15.596 [INFO] {f8a4a407178e4f1771c5ff21aa501002} Register接收到的参数是： {"userName":"231567","nickName":"乔芳","password":"3354695619315122","Password2":"3354695619315122"}
2023-03-25 12:10:19.275 [INFO] {b04af2e2178e4f1772c5ff2148b6608e} Register接收到的参数是： {"userName":"231567","nickName":"乔芳","password":"3354695619315122","Password2":"3354695619315122"}
2023-03-25 12:10:19.310 [WARN] {b04af2e2178e4f1772c5ff2148b6608e} 账号231567已存在
2023-03-25 12:10:40.335 [INFO] {d80938ca1c8e4f1773c5ff21bb7e845c} Register接收到的参数是： {"userName":"4726523","nickName":"蔡艳","password":"463813129514088","Password2":"463813129514088"}
2023-03-25 12:19:53.893 [INFO] {006c90ac9d8e4f17b9f4ad00a53644eb} [GToken][params:{"AuthExcludePaths":"[\"/register\"]","AuthFailMsg":"登录超时，请重新登录","AuthPaths":"","CacheKey":"gfToken:","CacheMode":1,"EncryptKey":"12345678912345678912345678912345","LoginPath":"/login","LogoutPath":"/logout","MiddlewareType":1,"MultiLogin":true,"Timeout":864000000,"TokenDelimiter":"_"}]start... 
2023-03-25 12:22:47.334 [INFO] {00d08d0ec68e4f175684751129d455f4} [GToken][params:{"AuthExcludePaths":"[\"/register\"]","AuthFailMsg":"登录超时，请重新登录","AuthPaths":"","CacheKey":"gfToken:","CacheMode":1,"EncryptKey":"12345678912345678912345678912345","LoginPath":"/login","LogoutPath":"/logout","MiddlewareType":1,"MultiLogin":true,"Timeout":864000000,"TokenDelimiter":"_"}]start... 
2023-03-25 12:23:20.133 [INFO] {08897cb1cd8e4f174f9c2309b4e4003e} [GToken][params:{"AuthExcludePaths":"[\"/register\"]","AuthFailMsg":"登录超时，请重新登录","AuthPaths":"","CacheKey":"gfToken:","CacheMode":1,"EncryptKey":"12345678912345678912345678912345","LoginPath":"/login","LogoutPath":"/logout","MiddlewareType":1,"MultiLogin":true,"Timeout":864000000,"TokenDelimiter":"_"}]start... 
2023-03-25 12:23:44.749 [INFO] {20b4d26cd38e4f1730448a1335b61b9a} [GToken][params:{"AuthExcludePaths":"[\"/register\"]","AuthFailMsg":"登录超时，请重新登录","AuthPaths":"","CacheKey":"gfToken:","CacheMode":1,"EncryptKey":"12345678912345678912345678912345","LoginPath":"/login","LogoutPath":"/logout","MiddlewareType":1,"MultiLogin":true,"Timeout":864000000,"TokenDelimiter":"_"}]start... 
2023-03-25 12:41:47.611 [INFO] {c0b65e8ccf8f4f176b54500fe34c841c} [GToken][params:{"AuthExcludePaths":"[\"/register\"]","AuthFailMsg":"登录超时，请重新登录","AuthPaths":"","CacheKey":"gfToken:","CacheMode":1,"EncryptKey":"12345678912345678912345678912345","LoginPath":"/login","LogoutPath":"/logout","MiddlewareType":1,"MultiLogin":true,"Timeout":864000000,"TokenDelimiter":"_"}]start... 
2023-03-25 12:57:48.842 [INFO] {f0d3355aaf904f1768ec492e28e59c92} [GToken][params:{"AuthExcludePaths":"[\"/register\"]","AuthFailMsg":"登录超时，请重新登录","AuthPaths":"","CacheKey":"gfToken:","CacheMode":1,"EncryptKey":"12345678912345678912345678912345","LoginPath":"/login","LogoutPath":"/logout","MiddlewareType":1,"MultiLogin":true,"Timeout":864000000,"TokenDelimiter":"_"}]start... 
2023-03-25 12:57:52.022 [INFO] {405d3710b0904f1769ec492e0fcc4410} 528953 登录成功
2023-03-25 12:58:50.797 [INFO] {b8bb89c0bd904f1774ec492e36111e4c} 528953 登录成功
2023-03-25 13:01:10.126 [INFO] {b894fb31de904f177cec492e484f7b2d} 528953 登录成功
2023-03-25 13:01:57.326 [INFO] {f0591d30e9904f177dec492eaaa2e58f} 528953 登录成功
2023-03-25 13:03:43.008 [INFO] {a8f44dd001914f1780ec492e725d27df} ----===---- 528953
2023-03-25 13:04:42.548 [INFO] {505d0cad0f914f17f5ce3d2ec91d388b} [GToken][params:{"AuthExcludePaths":"[\"/register\"]","AuthFailMsg":"登录超时，请重新登录","AuthPaths":"","CacheKey":"gfToken:","CacheMode":1,"EncryptKey":"12345678912345678912345678912345","LoginPath":"/login","LogoutPath":"/logout","MiddlewareType":1,"MultiLogin":true,"Timeout":864000000,"TokenDelimiter":"_"}]start... 
2023-03-25 13:04:49.982 [INFO] {38ce656211914f17f7ce3d2ec4da8148} 528953 登录成功
2023-03-25 13:05:04.849 [INFO] {b05663de14914f17f8ce3d2e8e115b1b} ----===---- 528953
2023-03-25 13:05:04.860 [INFO] {b05663de14914f17f8ce3d2e8e115b1b} ----===---- admin
2023-03-25 13:05:04.860 [INFO] {b05663de14914f17f8ce3d2e8e115b1b} ----===---- 9
2023-03-25 13:07:10.875 [INFO] {f087183632914f17f9ce3d2e80b94c62} ----===---- 528953
2023-03-25 13:07:10.875 [INFO] {f087183632914f17f9ce3d2e80b94c62} ----===---- admin
2023-03-25 13:07:10.875 [INFO] {f087183632914f17f9ce3d2e80b94c62} ----===---- 9
2023-03-25 13:16:00.782 [INFO] {b0dbe696ad914f17a0fe1958b57a691b} [GToken][params:{"AuthExcludePaths":"[\"/register\"]","AuthFailMsg":"登录超时，请重新登录","AuthPaths":"","CacheKey":"gfToken:","CacheMode":1,"EncryptKey":"12345678912345678912345678912345","LoginPath":"/login","LogoutPath":"/logout","MiddlewareType":1,"MultiLogin":true,"Timeout":864000000,"TokenDelimiter":"_"}]start... 
2023-03-25 13:16:12.490 [INFO] {80b8e74ab0914f17a2fe1958ebc77d54} 528953 登录成功
2023-03-25 13:16:28.549 [INFO] {48b8120eb4914f17a3fe1958a1ac8c63} ----===---- 528953
2023-03-25 13:16:28.549 [INFO] {48b8120eb4914f17a3fe1958a1ac8c63} ----===---- admin
2023-03-25 13:16:28.549 [INFO] {48b8120eb4914f17a3fe1958a1ac8c63} ----===---- 9
2023-03-25 13:16:28.550 [WARN] {48b8120eb4914f17a3fe1958a1ac8c63} 修改用户信息错误：there should be WHERE condition statement for UPDATE operation
2023-03-25 13:18:11.427 [INFO] {907cf001cc914f17b24d4738afb5f1e5} [GToken][params:{"AuthExcludePaths":"[\"/register\"]","AuthFailMsg":"登录超时，请重新登录","AuthPaths":"","CacheKey":"gfToken:","CacheMode":1,"EncryptKey":"12345678912345678912345678912345","LoginPath":"/login","LogoutPath":"/logout","MiddlewareType":1,"MultiLogin":true,"Timeout":864000000,"TokenDelimiter":"_"}]start... 
2023-03-25 13:18:15.323 [INFO] {f87c0ee4cc914f17b34d47380a7d506f} 528953 登录成功
2023-03-25 13:18:46.646 [INFO] {88214f35d4914f17b44d47386e446347} ----===---- 528953
2023-03-25 13:18:46.646 [INFO] {88214f35d4914f17b44d47386e446347} ----===---- admin
2023-03-25 13:18:46.646 [INFO] {88214f35d4914f17b44d47386e446347} ----===---- 9
2023-03-25 13:18:46.735 [INFO] {88214f35d4914f17b44d47386e446347} 修改用户【528953】信息为【3141697483】成功
2023-03-25 13:21:17.134 [INFO] {08124038f7914f17b54d47380ecda00d} 查询结果为空 
2023-03-25 13:22:17.845 [INFO] {50dcc36105924f17b64d473827f70f0b} ----===---- 528953
2023-03-25 13:22:17.845 [INFO] {50dcc36105924f17b64d473827f70f0b} ----===---- admin
2023-03-25 13:22:17.846 [INFO] {50dcc36105924f17b64d473827f70f0b} ----===---- 9
2023-03-25 13:22:17.938 [INFO] {50dcc36105924f17b64d473827f70f0b} 修改用户【528953】信息为【3141697483】成功
2023-03-25 13:22:19.057 [INFO] {78ac00aa05924f17b74d4738d33b089a} ----===---- 528953
2023-03-25 13:22:19.057 [INFO] {78ac00aa05924f17b74d4738d33b089a} ----===---- admin
2023-03-25 13:22:19.057 [INFO] {78ac00aa05924f17b74d4738d33b089a} ----===---- 9
2023-03-25 13:22:19.086 [INFO] {78ac00aa05924f17b74d4738d33b089a} 修改用户【528953】信息为【3141697483】成功
2023-03-25 13:22:19.857 [INFO] {082cadd905924f17b84d47381ec4c6a0} ----===---- 528953
2023-03-25 13:22:19.857 [INFO] {082cadd905924f17b84d47381ec4c6a0} ----===---- admin
2023-03-25 13:22:19.857 [INFO] {082cadd905924f17b84d47381ec4c6a0} ----===---- 9
2023-03-25 13:22:19.883 [INFO] {082cadd905924f17b84d47381ec4c6a0} 修改用户【528953】信息为【3141697483】成功
2023-03-25 14:47:42.083 [INFO] {38c20176ae964f1782e469544761b5c5} [GToken][params:{"AuthExcludePaths":"[\"/register\"]","AuthFailMsg":"登录超时，请重新登录","AuthPaths":"","CacheKey":"gfToken:","CacheMode":1,"EncryptKey":"12345678912345678912345678912345","LoginPath":"/login","LogoutPath":"/logout","MiddlewareType":1,"MultiLogin":true,"Timeout":864000000,"TokenDelimiter":"_"}]start... 
2023-03-25 14:47:48.871 [INFO] {a05b1f05b0964f1783e46954bcd53d1a} 查询结果为空 
2023-03-25 14:48:02.938 [INFO] {382f8e4fb3964f1784e469543e778c3f} 231567 登录成功
2023-03-25 14:48:22.362 [INFO] {20d5cbcfb7964f1785e46954070e9c3c} 修改用户【231567】信息为【4437342】成功
2023-03-25 14:48:25.406 [INFO] {70d95c8ab8964f1786e469541d46da18} 账号【4437342】已存在
2023-03-25 14:48:30.856 [INFO] {607b2fcfb9964f1787e46954eaa402bd} 账号【4437342】已存在
2023-03-25 14:48:32.629 [INFO] {a85b5139ba964f1788e469541f979555} 账号【4437342】已存在
2023-03-25 14:53:34.744 [INFO] {486f449200974f177468f32f601fa081} [GToken][params:{"AuthExcludePaths":"[\"/register\"]","AuthFailMsg":"登录超时，请重新登录","AuthPaths":"","CacheKey":"gfToken:","CacheMode":1,"EncryptKey":"12345678912345678912345678912345","LoginPath":"/login","LogoutPath":"/logout","MiddlewareType":1,"MultiLogin":true,"Timeout":864000000,"TokenDelimiter":"_"}]start... 
2023-03-25 14:55:21.200 [INFO] {70be6e5519974f177768f32ff9da98ee} 查询结果为空 
2023-03-25 14:56:01.284 [INFO] {b8264fac22974f177868f32fefe87d4f} 411117 登录成功
2023-03-25 14:56:11.594 [WARN] {a8df301525974f177968f32ff91e1c14} 账号【CtxUserName】不存在
2023-03-25 14:58:14.789 [INFO] {b82c38c641974f176bb22d70ec6cd33e} [GToken][params:{"AuthExcludePaths":"[\"/register\"]","AuthFailMsg":"登录超时，请重新登录","AuthPaths":"","CacheKey":"gfToken:","CacheMode":1,"EncryptKey":"12345678912345678912345678912345","LoginPath":"/login","LogoutPath":"/logout","MiddlewareType":1,"MultiLogin":true,"Timeout":864000000,"TokenDelimiter":"_"}]start... 
2023-03-25 14:58:19.023 [INFO] {20010fbc42974f176cb22d7041c595db} 411117 登录成功
2023-03-25 14:58:29.233 [INFO] {682e981f45974f176db22d7026a6be26} 【411117】账号删除成功
2023-03-25 15:06:04.739 [INFO] {902c8231af974f1720c4345fc3013ac8} [GToken][params:{"AuthExcludePaths":"[\"/register\"]","AuthFailMsg":"登录超时，请重新登录","AuthPaths":"","CacheKey":"gfToken:","CacheMode":1,"EncryptKey":"12345678912345678912345678912345","LoginPath":"/login","LogoutPath":"/logout","MiddlewareType":1,"MultiLogin":true,"Timeout":864000000,"TokenDelimiter":"_"}]start... 
